This is pdfTeX, Version 3.141592653-2.6-1.40.22 (MiKTeX 21.6) (preloaded format=pdflatex 2022.3.22)  22 MAR 2022 14:34
entering extended mode
**./relatorio.tex
(relatorio.tex
LaTeX2e <2021-06-01>
L3 programming layer <2021-06-01>
(C:\Users\caioc\AppData\Local\Programs\MiKTeX\tex/latex/base\article.cls
Document Class: article 2021/02/12 v1.4n Standard LaTeX document class
(C:\Users\caioc\AppData\Local\Programs\MiKTeX\tex/latex/base\size12.clo
File: size12.clo 2021/02/12 v1.4n Standard LaTeX file (size option)
)
\c@part=\count182
\c@section=\count183
\c@subsection=\count184
\c@subsubsection=\count185
\c@paragraph=\count186
\c@subparagraph=\count187
\c@figure=\count188
\c@table=\count189
\abovecaptionskip=\skip47
\belowcaptionskip=\skip48
\bibindent=\dimen138
)
(C:\Users\caioc\AppData\Local\Programs\MiKTeX\tex/latex/geometry\geometry.sty
Package: geometry 2020/01/02 v5.9 Page Geometry

(C:\Users\caioc\AppData\Local\Programs\MiKTeX\tex/latex/graphics\keyval.sty
Package: keyval 2014/10/28 v1.15 key=value parser (DPC)
\KV@toks@=\toks16
)
(C:\Users\caioc\AppData\Local\Programs\MiKTeX\tex/generic/iftex\ifvtex.sty
Package: ifvtex 2019/10/25 v1.7 ifvtex legacy package. Use iftex instead.

(C:\Users\caioc\AppData\Local\Programs\MiKTeX\tex/generic/iftex\iftex.sty
Package: iftex 2020/03/06 v1.0d TeX engine tests
))
\Gm@cnth=\count190
\Gm@cntv=\count191
\c@Gm@tempcnt=\count192
\Gm@bindingoffset=\dimen139
\Gm@wd@mp=\dimen140
\Gm@odd@mp=\dimen141
\Gm@even@mp=\dimen142
\Gm@layoutwidth=\dimen143
\Gm@layoutheight=\dimen144
\Gm@layouthoffset=\dimen145
\Gm@layoutvoffset=\dimen146
\Gm@dimlist=\toks17

(C:\Users\caioc\AppData\Local\Programs\MiKTeX\tex/latex/geometry\geometry.cfg))
(C:\Users\caioc\AppData\Local\Programs\MiKTeX\tex/latex/base\inputenc.sty
Package: inputenc 2021/02/14 v1.3d Input encoding file
\inpenc@prehook=\toks18
\inpenc@posthook=\toks19
)
(C:\Users\caioc\AppData\Local\Programs\MiKTeX\tex/latex/tools\indentfirst.sty
Package: indentfirst 1995/11/23 v1.03 Indent first paragraph (DPC)
)
(C:\Users\caioc\AppData\Local\Programs\MiKTeX\tex/latex/amsmath\amsmath.sty
Package: amsmath 2021/04/20 v2.17j AMS math features
\@mathmargin=\skip49

For additional information on amsmath, use the `?' option.
(C:\Users\caioc\AppData\Local\Programs\MiKTeX\tex/latex/amsmath\amstext.sty
Package: amstext 2000/06/29 v2.01 AMS text

(C:\Users\caioc\AppData\Local\Programs\MiKTeX\tex/latex/amsmath\amsgen.sty
File: amsgen.sty 1999/11/30 v2.0 generic functions
\@emptytoks=\toks20
\ex@=\dimen147
))
(C:\Users\caioc\AppData\Local\Programs\MiKTeX\tex/latex/amsmath\amsbsy.sty
Package: amsbsy 1999/11/29 v1.2d Bold Symbols
\pmbraise@=\dimen148
)
(C:\Users\caioc\AppData\Local\Programs\MiKTeX\tex/latex/amsmath\amsopn.sty
Package: amsopn 2016/03/08 v2.02 operator names
)
\inf@bad=\count193
LaTeX Info: Redefining \frac on input line 234.
\uproot@=\count194
\leftroot@=\count195
LaTeX Info: Redefining \overline on input line 399.
\classnum@=\count196
\DOTSCASE@=\count197
LaTeX Info: Redefining \ldots on input line 496.
LaTeX Info: Redefining \dots on input line 499.
LaTeX Info: Redefining \cdots on input line 620.
\Mathstrutbox@=\box50
\strutbox@=\box51
\big@size=\dimen149
LaTeX Font Info:    Redeclaring font encoding OML on input line 743.
LaTeX Font Info:    Redeclaring font encoding OMS on input line 744.
\macc@depth=\count198
\c@MaxMatrixCols=\count199
\dotsspace@=\muskip16
\c@parentequation=\count266
\dspbrk@lvl=\count267
\tag@help=\toks21
\row@=\count268
\column@=\count269
\maxfields@=\count270
\andhelp@=\toks22
\eqnshift@=\dimen150
\alignsep@=\dimen151
\tagshift@=\dimen152
\tagwidth@=\dimen153
\totwidth@=\dimen154
\lineht@=\dimen155
\@envbody=\toks23
\multlinegap=\skip50
\multlinetaggap=\skip51
\mathdisplay@stack=\toks24
LaTeX Info: Redefining \[ on input line 2923.
LaTeX Info: Redefining \] on input line 2924.
)
(C:\Users\caioc\AppData\Local\Programs\MiKTeX\tex/latex/amsfonts\amsfonts.sty
Package: amsfonts 2013/01/14 v3.01 Basic AMSFonts support
\symAMSa=\mathgroup4
\symAMSb=\mathgroup5
LaTeX Font Info:    Redeclaring math symbol \hbar on input line 98.
LaTeX Font Info:    Overwriting math alphabet `\mathfrak' in version `bold'
(Font)                  U/euf/m/n --> U/euf/b/n on input line 106.
)
(C:\Users\caioc\AppData\Local\Programs\MiKTeX\tex/latex/amsfonts\amssymb.sty
Package: amssymb 2013/01/14 v3.01 AMS font symbols
)
(C:\Users\caioc\AppData\Local\Programs\MiKTeX\tex/latex/psnfss\times.sty
Package: times 2020/03/25 PSNFSS-v9.3 (SPQR) 
)
(C:\Users\caioc\AppData\Local\Programs\MiKTeX\tex/latex/titlesec\titlesec.sty
Package: titlesec 2021/07/05 v2.14 Sectioning titles
\ttl@box=\box52
\beforetitleunit=\skip52
\aftertitleunit=\skip53
\ttl@plus=\dimen156
\ttl@minus=\dimen157
\ttl@toksa=\toks25
\titlewidth=\dimen158
\titlewidthlast=\dimen159
\titlewidthfirst=\dimen160
)
(C:\Users\caioc\AppData\Local\Programs\MiKTeX\tex/latex/cancel\cancel.sty
Package: cancel 2013/04/12 v2.2 Cancel math terms
)
(C:\Users\caioc\AppData\Local\Programs\MiKTeX\tex/latex/graphics\graphicx.sty
Package: graphicx 2020/12/05 v1.2c Enhanced LaTeX Graphics (DPC,SPQR)

(C:\Users\caioc\AppData\Local\Programs\MiKTeX\tex/latex/graphics\graphics.sty
Package: graphics 2021/03/04 v1.4d Standard LaTeX Graphics (DPC,SPQR)

(C:\Users\caioc\AppData\Local\Programs\MiKTeX\tex/latex/graphics\trig.sty
Package: trig 2016/01/03 v1.10 sin cos tan (DPC)
)
(C:\Users\caioc\AppData\Local\Programs\MiKTeX\tex/latex/graphics-cfg\graphics.c
fg
File: graphics.cfg 2016/06/04 v1.11 sample graphics configuration
)
Package graphics Info: Driver file: pdftex.def on input line 107.

(C:\Users\caioc\AppData\Local\Programs\MiKTeX\tex/latex/graphics-def\pdftex.def
File: pdftex.def 2020/10/05 v1.2a Graphics/color driver for pdftex
))
\Gin@req@height=\dimen161
\Gin@req@width=\dimen162
) (C:\Users\caioc\AppData\Local\Programs\MiKTeX\tex/latex/float\float.sty
Package: float 2001/11/08 v1.3d Float enhancements (AL)
\c@float@type=\count271
\float@exts=\toks26
\float@box=\box53
\@float@everytoks=\toks27
\@floatcapt=\box54
)
(C:\Users\caioc\AppData\Local\Programs\MiKTeX\tex/generic/babel\babel.sty
Package: babel 2021/06/02 3.60 The Babel package

(C:\Users\caioc\AppData\Local\Programs\MiKTeX\tex/generic/babel\babel.def
File: babel.def 2021/06/02 3.60 Babel common definitions
\babel@savecnt=\count272
\U@D=\dimen163
\l@unhyphenated=\language79

(C:\Users\caioc\AppData\Local\Programs\MiKTeX\tex/generic/babel\txtbabel.def)
\bbl@readstream=\read2
)
\bbl@dirlevel=\count273

*************************************
* Local config file bblopts.cfg used
*
(C:\Users\caioc\AppData\Local\Programs\MiKTeX\tex/latex/arabi\bblopts.cfg
File: bblopts.cfg 2005/09/08 v0.1 add Arabic and Farsi to "declared" options of
 babel
)
(C:\Users\caioc\AppData\Local\Programs\MiKTeX\tex/latex/babel-portuges\brazil.l
df
Language: portuges 2021/07/09 v1.2t Portuguese support from the babel system
Package babel Info: Hyphen rules for 'brazil' set to \l@portuguese
(babel)             (\language56). Reported on input line 111.
Package babel Info: Making " an active character on input line 143.
))
(C:\Users\caioc\AppData\Local\Programs\MiKTeX\tex/latex/multirow\multirow.sty
Package: multirow 2021/03/15 v2.8 Span multiple rows of a table
\multirow@colwidth=\skip54
\multirow@cntb=\count274
\multirow@dima=\skip55
\bigstrutjot=\dimen164
)
(C:\Users\caioc\AppData\Local\Programs\MiKTeX\tex/latex/tools\tabularx.sty
Package: tabularx 2020/01/15 v2.11c `tabularx' package (DPC)

(C:\Users\caioc\AppData\Local\Programs\MiKTeX\tex/latex/tools\array.sty
Package: array 2021/04/20 v2.5e Tabular extension package (FMi)
\col@sep=\dimen165
\ar@mcellbox=\box55
\extrarowheight=\dimen166
\NC@list=\toks28
\extratabsurround=\skip56
\backup@length=\skip57
\ar@cellbox=\box56
)
\TX@col@width=\dimen167
\TX@old@table=\dimen168
\TX@old@col=\dimen169
\TX@target=\dimen170
\TX@delta=\dimen171
\TX@cols=\count275
\TX@ftn=\toks29
)
(C:\Users\caioc\AppData\Local\Programs\MiKTeX\tex/latex/lipsum\lipsum.sty
(C:\Users\caioc\AppData\Local\Programs\MiKTeX\tex/latex/l3packages/l3keys2e\l3k
eys2e.sty
(C:\Users\caioc\AppData\Local\Programs\MiKTeX\tex/latex/l3kernel\expl3.sty
Package: expl3 2021-06-01 L3 programming layer (loader) 

(C:\Users\caioc\AppData\Local\Programs\MiKTeX\tex/latex/l3backend\l3backend-pdf
tex.def
File: l3backend-pdftex.def 2021-05-07 L3 backend support: PDF output (pdfTeX)
\l__color_backend_stack_int=\count276
\l__pdf_internal_box=\box57
))
Package: l3keys2e 2021-06-01 LaTeX2e option processing using LaTeX3 keys
)
Package: lipsum 2021-09-20 v2.7 150 paragraphs of Lorem Ipsum dummy text
\g__lipsum_par_int=\count277
\l__lipsum_a_int=\count278
\l__lipsum_b_int=\count279

(C:\Users\caioc\AppData\Local\Programs\MiKTeX\tex/latex/lipsum\lipsum.ltd.tex))
(C:\Users\caioc\AppData\Local\Programs\MiKTeX\tex/latex/tools\longtable.sty
Package: longtable 2021-05-07 v4.16 Multi-page Table package (DPC)
\LTleft=\skip58
\LTright=\skip59
\LTpre=\skip60
\LTpost=\skip61
\LTchunksize=\count280
\LTcapwidth=\dimen172
\LT@head=\box58
\LT@firsthead=\box59
\LT@foot=\box60
\LT@lastfoot=\box61
\LT@gbox=\box62
\LT@cols=\count281
\LT@rows=\count282
\c@LT@tables=\count283
\c@LT@chunks=\count284
\LT@p@ftn=\toks30
)
LaTeX Font Info:    Trying to load font information for OT1+ptm on input line 2
0.

(C:\Users\caioc\AppData\Local\Programs\MiKTeX\tex/latex/psnfss\ot1ptm.fd
File: ot1ptm.fd 2001/06/04 font definitions for OT1/ptm.
)
(relatorio.aux

LaTeX Warning: Label `g1' multiply defined.


LaTeX Warning: Label `g1' multiply defined.


LaTeX Warning: Label `g1' multiply defined.


LaTeX Warning: Label `g1' multiply defined.


LaTeX Warning: Label `g1' multiply defined.


LaTeX Warning: Label `tcm' multiply defined.


LaTeX Warning: Label `g1' multiply defined.


LaTeX Warning: Label `tcm' multiply defined.


LaTeX Warning: Label `g1' multiply defined.


LaTeX Warning: Label `tcm' multiply defined.


LaTeX Warning: Label `tcm' multiply defined.


LaTeX Warning: Label `tcm' multiply defined.


LaTeX Warning: Label `g1' multiply defined.


LaTeX Warning: Label `tcm' multiply defined.


LaTeX Warning: Label `tcm' multiply defined.


LaTeX Warning: Label `tcm' multiply defined.


LaTeX Warning: Label `tcm' multiply defined.


LaTeX Warning: Label `tcm' multiply defined.

)
\openout1 = `relatorio.aux'.

LaTeX Font Info:    Checking defaults for OML/cmm/m/it on input line 20.
LaTeX Font Info:    ... okay on input line 20.
LaTeX Font Info:    Checking defaults for OMS/cmsy/m/n on input line 20.
LaTeX Font Info:    ... okay on input line 20.
LaTeX Font Info:    Checking defaults for OT1/cmr/m/n on input line 20.
LaTeX Font Info:    ... okay on input line 20.
LaTeX Font Info:    Checking defaults for T1/cmr/m/n on input line 20.
LaTeX Font Info:    ... okay on input line 20.
LaTeX Font Info:    Checking defaults for TS1/cmr/m/n on input line 20.
LaTeX Font Info:    ... okay on input line 20.
LaTeX Font Info:    Checking defaults for OMX/cmex/m/n on input line 20.
LaTeX Font Info:    ... okay on input line 20.
LaTeX Font Info:    Checking defaults for U/cmr/m/n on input line 20.
LaTeX Font Info:    ... okay on input line 20.

*geometry* driver: auto-detecting
*geometry* detected driver: pdftex
*geometry* verbose mode - [ preamble ] result:
* driver: pdftex
* paper: a4paper
* layout: <same size as paper>
* layoutoffset:(h,v)=(0.0pt,0.0pt)
* modes: 
* h-part:(L,W,R)=(85.35826pt, 455.24411pt, 56.9055pt)
* v-part:(T,H,B)=(85.35826pt, 702.78308pt, 56.9055pt)
* \paperwidth=597.50787pt
* \paperheight=845.04684pt
* \textwidth=455.24411pt
* \textheight=702.78308pt
* \oddsidemargin=13.08827pt
* \evensidemargin=13.08827pt
* \topmargin=-23.91173pt
* \headheight=12.0pt
* \headsep=25.0pt
* \topskip=12.0pt
* \footskip=30.0pt
* \marginparwidth=35.0pt
* \marginparsep=10.0pt
* \columnsep=10.0pt
* \skip\footins=10.8pt plus 4.0pt minus 2.0pt
* \hoffset=0.0pt
* \voffset=0.0pt
* \mag=1000
* \@twocolumnfalse
* \@twosidefalse
* \@mparswitchfalse
* \@reversemarginfalse
* (1in=72.27pt=25.4mm, 1cm=28.453pt)


(C:\Users\caioc\AppData\Local\Programs\MiKTeX\tex/context/base/mkii\supp-pdf.mk
ii
[Loading MPS to PDF converter (version 2006.09.02).]
\scratchcounter=\count285
\scratchdimen=\dimen173
\scratchbox=\box63
\nofMPsegments=\count286
\nofMParguments=\count287
\everyMPshowfont=\toks31
\MPscratchCnt=\count288
\MPscratchDim=\dimen174
\MPnumerator=\count289
\makeMPintoPDFobject=\count290
\everyMPtoPDFconversion=\toks32
)
(C:\Users\caioc\AppData\Local\Programs\MiKTeX\tex/latex/epstopdf-pkg\epstopdf-b
ase.sty
Package: epstopdf-base 2020-01-24 v2.11 Base part for package epstopdf
Package epstopdf-base Info: Redefining graphics rule for `.eps' on input line 4
85.

(C:\Users\caioc\AppData\Local\Programs\MiKTeX\tex/latex/00miktex\epstopdf-sys.c
fg
File: epstopdf-sys.cfg 2021/03/18 v2.0 Configuration of epstopdf for MiKTeX
))
LaTeX Font Info:    Trying to load font information for U+msa on input line 21.

 (C:\Users\caioc\AppData\Local\Programs\MiKTeX\tex/latex/amsfonts\umsa.fd
File: umsa.fd 2013/01/14 v3.01 AMS symbols A
)
LaTeX Font Info:    Trying to load font information for U+msb on input line 21.


(C:\Users\caioc\AppData\Local\Programs\MiKTeX\tex/latex/amsfonts\umsb.fd
File: umsb.fd 2013/01/14 v3.01 AMS symbols B
)
[1

{C:/Users/caioc/AppData/Local/MiKTeX/pdftex/config/pdftex.map}]
LaTeX Font Info:    Trying to load font information for TS1+ptm on input line 2
4.

(C:\Users\caioc\AppData\Local\Programs\MiKTeX\tex/latex/psnfss\ts1ptm.fd
File: ts1ptm.fd 2001/06/04 font definitions for TS1/ptm.
)
[2] (relatorio.toc)
\tf@toc=\write3
\openout3 = `relatorio.toc'.

 [3] (relatorio.lof)
\tf@lof=\write4
\openout4 = `relatorio.lof'.

 [4] (relatorio.lot)
\tf@lot=\write5
\openout5 = `relatorio.lot'.

 [5]
Underfull \hbox (badness 10000) in paragraph at lines 33--34

 []


Underfull \hbox (badness 10000) in paragraph at lines 44--46

 []

[6]
<Tracker.png, id=29, 1445.4pt x 783.67781pt>
File: Tracker.png Graphic file (type png)
<use Tracker.png>
Package pdftex.def Info: Tracker.png  used on input line 52.
(pdftex.def)             Requested size: 433.62335pt x 235.10515pt.

Overfull \hbox (2.84418pt too wide) in paragraph at lines 49--56
[]\OT1/ptm/m/n/12 O Trac-ker\TS1/ptm/m/n/12 © []\OT1/ptm/m/n/12 e um \OT1/ptm/m
/sl/12 soft-ware open source \OT1/ptm/m/n/12 es-crito na lin-gua-gem \OT1/ptm/m
/sl/12 Java \OT1/ptm/m/n/12 e uti-li-zado para prop[]ositos
 []

[7 <./Tracker.png>]
<diagrama_inicial.png, id=38, 453.6147pt x 365.4453pt>
File: diagrama_inicial.png Graphic file (type png)
<use diagrama_inicial.png>
Package pdftex.def Info: diagrama_inicial.png  used on input line 73.
(pdftex.def)             Requested size: 272.17091pt x 219.26886pt.
 [8 <./diagrama_inicial.png>]
<Eixo.png, id=44, 1021.56656pt x 733.23938pt>
File: Eixo.png Graphic file (type png)
<use Eixo.png>
Package pdftex.def Info: Eixo.png  used on input line 93.
(pdftex.def)             Requested size: 306.47234pt x 219.97351pt.

Underfull \hbox (badness 10000) in paragraph at lines 90--98

 []

[9 <./Eixo.png>]
<Regua.png, id=49, 1115.66812pt x 697.10437pt>
File: Regua.png Graphic file (type png)
<use Regua.png>
Package pdftex.def Info: Regua.png  used on input line 102.
(pdftex.def)             Requested size: 334.70302pt x 209.13292pt.
<Centrosdemassa.png, id=50, 1114.1625pt x 696.35156pt>
File: Centrosdemassa.png Graphic file (type png)
<use Centrosdemassa.png>
Package pdftex.def Info: Centrosdemassa.png  used on input line 109.
(pdftex.def)             Requested size: 334.25133pt x 208.90707pt.

Underfull \hbox (badness 10000) in paragraph at lines 99--113

 []

[10 <./Regua.png> <./Centrosdemassa.png>]
<grafico_altura_x_tempo.png, id=56, 462.0462pt x 365.4453pt>
File: grafico_altura_x_tempo.png Graphic file (type png)
<use grafico_altura_x_tempo.png>
Package pdftex.def Info: grafico_altura_x_tempo.png  used on input line 118.
(pdftex.def)             Requested size: 207.91885pt x 164.44885pt.
<grafico_velocidade_x_tempo.png, id=57, 455.5419pt x 365.4453pt>
File: grafico_velocidade_x_tempo.png Graphic file (type png)
<use grafico_velocidade_x_tempo.png>
Package pdftex.def Info: grafico_velocidade_x_tempo.png  used on input line 119
.
(pdftex.def)             Requested size: 204.99196pt x 164.44885pt.

Underfull \hbox (badness 10000) in paragraph at lines 115--123

 []

<grafico_altura_x_tempo_primeiro_quique.png, id=58, 462.0462pt x 365.4453pt>
File: grafico_altura_x_tempo_primeiro_quique.png Graphic file (type png)
<use grafico_altura_x_tempo_primeiro_quique.png>
Package pdftex.def Info: grafico_altura_x_tempo_primeiro_quique.png  used on in
put line 128.
(pdftex.def)             Requested size: 277.22984pt x 219.26886pt.

Underfull \hbox (badness 10000) in paragraph at lines 125--132

 []

[11 <./grafico_altura_x_tempo.png> <./grafico_velocidade_x_tempo.png> <./grafic
o_altura_x_tempo_primeiro_quique.png>]
Underfull \hbox (badness 10000) in paragraph at lines 133--134

 []

<grafico_altura_x_tempo_primeiro_quique_linearizado.png, id=65, 462.0462pt x 36
5.4453pt>
File: grafico_altura_x_tempo_primeiro_quique_linearizado.png Graphic file (type
 png)
<use grafico_altura_x_tempo_primeiro_quique_linearizado.png>
Package pdftex.def Info: grafico_altura_x_tempo_primeiro_quique_linearizado.png
  used on input line 142.
(pdftex.def)             Requested size: 277.22984pt x 219.26886pt.

Underfull \hbox (badness 10000) in paragraph at lines 139--148

 []

[12 <./grafico_altura_x_tempo_primeiro_quique_linearizado.png>] [13]
<histograma-Res√≠duos-gaussiana.png, id=75, 437.2335pt x 367.1316pt>
File: histograma-Res√≠duos-gaussiana.png Graphic file (type png)
<use histograma-Res√≠duos-gaussiana.png>
Package pdftex.def Info: histograma-Res√≠duos-gaussiana.png  used on input line
 207.
(pdftex.def)             Requested size: 262.34212pt x 220.28065pt.
 [14 <./histograma-Res√≠duos-gaussiana.png>]
<grafico_deslocamento_x_tempo_s_amortecedor.png, id=80, 462.0462pt x 365.4453pt
>
File: grafico_deslocamento_x_tempo_s_amortecedor.png Graphic file (type png)
<use grafico_deslocamento_x_tempo_s_amortecedor.png>
Package pdftex.def Info: grafico_deslocamento_x_tempo_s_amortecedor.png  used o
n input line 233.
(pdftex.def)             Requested size: 277.22984pt x 219.26886pt.
 [15 <./grafico_deslocamento_x_tempo_s_amortecedor.png>]
Overfull \hbox (27.4591pt too wide) in paragraph at lines 238--252
\OT1/ptm/m/n/12 Onde $\OML/cmm/m/it/12 h[]$ []\OT1/ptm/m/n/12 e o me-nor va-lor
 da al-tura dos da-dos ex-pe-ri-men-tais. Neste tra-ba-lho, $\OML/cmm/m/it/12 h
[] \OT1/cmr/m/n/12 = \OMS/cmsy/m/n/12  \OT1/cmr/m/n/12 0\OML/cmm/m/it/12 :\OT1/
cmr/m/n/12 31773236 \OMS/cmsy/m/n/12 
 []

[16]
<grafico_deslocamento_x_tempo_c_amortecedor.png, id=88, 453.6147pt x 365.4453pt
>
File: grafico_deslocamento_x_tempo_c_amortecedor.png Graphic file (type png)
<use grafico_deslocamento_x_tempo_c_amortecedor.png>
Package pdftex.def Info: grafico_deslocamento_x_tempo_c_amortecedor.png  used o
n input line 306.
(pdftex.def)             Requested size: 272.17091pt x 219.26886pt.
 [17] [18 <./grafico_deslocamento_x_tempo_c_amortecedor.png>] [19]
Overfull \hbox (21.70782pt too wide) in paragraph at lines 371--378
 [][] 
 []

[20] [21] (Dados_1_L.txt) [22] [23] (Dados_2_L.txt) [24] [25]
Overfull \hbox (32.65837pt too wide) in paragraph at lines 415--420
\OT1/ptm/m/n/12 Dispon[]vel em: http://fap.if.usp.br/ crepaldi/posts/experimen
tal%20physics/propagacao-de-incertezas. 
 []


Underfull \hbox (badness 10000) in paragraph at lines 415--420

 []

[26] (relatorio.aux)

LaTeX Warning: There were multiply-defined labels.

 ) 
Here is how much of TeX's memory you used:
 5041 strings out of 478864
 77372 string characters out of 2848660
 515595 words of memory out of 3000000
 22840 multiletter control sequences out of 15000+600000
 424766 words of font info for 75 fonts, out of 8000000 for 9000
 1141 hyphenation exceptions out of 8191
 70i,22n,81p,1087b,247s stack positions out of 5000i,500n,10000p,200000b,80000s
{C:/Users/caioc/AppData/Local/Programs/MiKTeX/fonts/enc/dvips/base/8r.enc}<C:
/Users/caioc/AppData/Local/Programs/MiKTeX/fonts/type1/public/amsfonts/cm/cmex1
0.pfb><C:/Users/caioc/AppData/Local/Programs/MiKTeX/fonts/type1/public/amsfonts
/cm/cmmi12.pfb><C:/Users/caioc/AppData/Local/Programs/MiKTeX/fonts/type1/public
/amsfonts/cm/cmmi6.pfb><C:/Users/caioc/AppData/Local/Programs/MiKTeX/fonts/type
1/public/amsfonts/cm/cmmi8.pfb><C:/Users/caioc/AppData/Local/Programs/MiKTeX/fo
nts/type1/public/amsfonts/cm/cmr12.pfb><C:/Users/caioc/AppData/Local/Programs/M
iKTeX/fonts/type1/public/amsfonts/cm/cmr6.pfb><C:/Users/caioc/AppData/Local/Pro
grams/MiKTeX/fonts/type1/public/amsfonts/cm/cmr8.pfb><C:/Users/caioc/AppData/Lo
cal/Programs/MiKTeX/fonts/type1/public/amsfonts/cm/cmsy10.pfb><C:/Users/caioc/A
ppData/Local/Programs/MiKTeX/fonts/type1/public/amsfonts/cm/cmsy6.pfb><C:/Users
/caioc/AppData/Local/Programs/MiKTeX/fonts/type1/public/amsfonts/cm/cmsy8.pfb><
C:/Users/caioc/AppData/Local/Programs/MiKTeX/fonts/type1/public/amsfonts/latxfo
nt/line10.pfb><C:/Users/caioc/AppData/Local/Programs/MiKTeX/fonts/type1/urw/tim
es/utmb8a.pfb><C:/Users/caioc/AppData/Local/Programs/MiKTeX/fonts/type1/urw/tim
es/utmb8a.pfb><C:/Users/caioc/AppData/Local/Programs/MiKTeX/fonts/type1/urw/tim
es/utmr8a.pfb><C:/Users/caioc/AppData/Local/Programs/MiKTeX/fonts/type1/urw/tim
es/utmr8a.pfb>
Output written on relatorio.pdf (26 pages, 3753592 bytes).
PDF statistics:
 187 PDF objects out of 1000 (max. 8388607)
 0 named destinations out of 1000 (max. 500000)
 61 words of extra memory for PDF output out of 10000 (max. 10000000)

